{"message":"Unauthorized request to path: /","level":"error"}
{"message":"URL is formatted incorrectly.","level":"error"}
{"message":"Bookmark with id 50fe1053-e32e-471d-a860-4450ce9cf829 created","level":"info"}
{"message":"Bookmark with id f9038931-b058-40fa-8fb4-4d02b64e3042 created","level":"info"}
{"message":"URL is formatted incorrectly.","level":"error"}
{"message":"Bookmark with id 1 not found.","level":"error"}
{"message":"Bookmark with id cjozyzcil0000lxygs3gyg2mr deleted.","level":"info"}
{"message":"URL is formatted incorrectly.","level":"error"}
{"message":"Bookmark with id a82e2956-0fb4-4326-903e-d5a9212ce103 created","level":"info"}
{"message":"Unauthorized request to path: /","level":"error"}
{"message":"Unauthorized request to path: /","level":"error"}
{"message":"Unauthorized request to path: /","level":"error"}
{"message":"Unauthorized request to path: /","level":"error"}
{"message":"Unauthorized request to path: /bookmarks","level":"error"}
{"message":"Bookmark with id 1 created","level":"info"}
{"message":"Bookmark with id 1 created","level":"info"}
{"message":"Bookmark with id 1 created","level":"info"}
{"message":"Bookmark with id 1 created","level":"info"}
{"message":"Bookmark with id 1 created","level":"info"}
{"message":"Bookmark with id 1 created","level":"info"}
{"message":"rating value is missing in request.","level":"error"}
{"message":"Bookmark with id 1 created","level":"info"}
{"message":"Bookmark with id 1 created","level":"info"}
{"message":"Bookmark with id 1 created","level":"info"}
{"message":"Bookmark with id 1 created","level":"info"}
{"message":"Bookmark with id 1 created","level":"info"}
{"message":"title value is missing in request.","level":"error"}
{"message":"url value is missing in request.","level":"error"}
{"message":"rating value is missing in request.","level":"error"}
{"message":"Bookmark with id 1 created","level":"info"}
{"message":"title value is missing in request.","level":"error"}
{"message":"url value is missing in request.","level":"error"}
{"message":"rating value is missing in request.","level":"error"}
{"message":"URL is formatted incorrectly.","level":"error"}
{"message":"Bookmark with id 1 created","level":"info"}
{"message":"title value is missing in request.","level":"error"}
{"message":"url value is missing in request.","level":"error"}
{"message":"rating value is missing in request.","level":"error"}
{"message":"URL is formatted incorrectly.","level":"error"}
{"message":"Rating is incorrect. It must be a number between 0 and 5","level":"error"}
{"message":"Bookmark with id 1 created","level":"info"}
{"message":"title value is missing in request.","level":"error"}
{"message":"url value is missing in request.","level":"error"}
{"message":"rating value is missing in request.","level":"error"}
{"message":"URL is formatted incorrectly.","level":"error"}
{"message":"Rating is incorrect. It must be a number between 0 and 5","level":"error"}
{"message":"Unauthorized request to path: /bookmarks/2","level":"error"}
{"message":"Bookmark with id 1 created","level":"info"}
{"message":"title value is missing in request.","level":"error"}
{"message":"url value is missing in request.","level":"error"}
{"message":"rating value is missing in request.","level":"error"}
{"message":"URL is formatted incorrectly.","level":"error"}
{"message":"Rating is incorrect. It must be a number between 0 and 5","level":"error"}
{"message":"Bookmark with id 1 created","level":"info"}
{"message":"title value is missing in request.","level":"error"}
{"message":"url value is missing in request.","level":"error"}
{"message":"rating value is missing in request.","level":"error"}
{"message":"URL is formatted incorrectly.","level":"error"}
{"message":"Rating is incorrect. It must be a number between 0 and 5","level":"error"}
{"message":"Bookmark with id 1 created","level":"info"}
{"message":"title value is missing in request.","level":"error"}
{"message":"url value is missing in request.","level":"error"}
{"message":"rating value is missing in request.","level":"error"}
{"message":"URL is formatted incorrectly.","level":"error"}
{"message":"Rating is incorrect. It must be a number between 0 and 5","level":"error"}
{"message":"Bookmark with id 1 created","level":"info"}
{"message":"title value is missing in request.","level":"error"}
{"message":"url value is missing in request.","level":"error"}
{"message":"rating value is missing in request.","level":"error"}
{"message":"URL is formatted incorrectly.","level":"error"}
{"message":"Rating is incorrect. It must be a number between 0 and 5","level":"error"}
{"message":"Bookmark with id 1 created","level":"info"}
{"message":"title value is missing in request.","level":"error"}
{"message":"url value is missing in request.","level":"error"}
{"message":"rating value is missing in request.","level":"error"}
{"message":"URL is formatted incorrectly.","level":"error"}
{"message":"Rating is incorrect. It must be a number between 0 and 5","level":"error"}
{"message":"Bookmark with id 1 created","level":"info"}
{"message":"title value is missing in request.","level":"error"}
{"message":"url value is missing in request.","level":"error"}
{"message":"rating value is missing in request.","level":"error"}
{"message":"URL is formatted incorrectly.","level":"error"}
{"message":"Rating is incorrect. It must be a number between 0 and 5","level":"error"}
{"message":"Bookmark with id 1 created","level":"info"}
{"message":"title value is missing in request.","level":"error"}
{"message":"url value is missing in request.","level":"error"}
{"message":"rating value is missing in request.","level":"error"}
{"message":"URL is formatted incorrectly.","level":"error"}
{"message":"Rating is incorrect. It must be a number between 0 and 5","level":"error"}
{"message":"Bookmark with id 1 created","level":"info"}
{"message":"title value is missing in request.","level":"error"}
{"message":"url value is missing in request.","level":"error"}
{"message":"rating value is missing in request.","level":"error"}
{"message":"URL is formatted incorrectly.","level":"error"}
{"message":"Rating is incorrect. It must be a number between 0 and 5","level":"error"}
{"message":"Bookmark with id 1 created","level":"info"}
{"message":"Bookmark with id 1 created","level":"info"}
{"message":"title value is missing in request.","level":"error"}
{"message":"url value is missing in request.","level":"error"}
{"message":"rating value is missing in request.","level":"error"}
{"message":"URL is formatted incorrectly.","level":"error"}
{"message":"Rating is incorrect. It must be a number between 0 and 5","level":"error"}
{"message":"Bookmark with id 1 created","level":"info"}
{"message":"Bookmark with id 1 created","level":"info"}
{"message":"title value is missing in request.","level":"error"}
{"message":"url value is missing in request.","level":"error"}
{"message":"rating value is missing in request.","level":"error"}
{"message":"URL is formatted incorrectly.","level":"error"}
{"message":"Rating is incorrect. It must be a number between 0 and 5","level":"error"}
{"message":"Bookmark with id 1 created","level":"info"}
{"message":"Bookmark with id 1 created","level":"info"}
{"message":"title value is missing in request.","level":"error"}
{"message":"url value is missing in request.","level":"error"}
{"message":"rating value is missing in request.","level":"error"}
{"message":"URL is formatted incorrectly.","level":"error"}
{"message":"Rating is incorrect. It must be a number between 0 and 5","level":"error"}
{"message":"Bookmark with id 1 created","level":"info"}
{"message":"Bookmark with id 1 created","level":"info"}
{"message":"title value is missing in request.","level":"error"}
{"message":"url value is missing in request.","level":"error"}
{"message":"rating value is missing in request.","level":"error"}
{"message":"URL is formatted incorrectly.","level":"error"}
{"message":"Rating is incorrect. It must be a number between 0 and 5","level":"error"}
{"message":"Bookmark with id 1 created","level":"info"}
{"message":"Bookmark with id 1 created","level":"info"}
{"message":"title value is missing in request.","level":"error"}
{"message":"url value is missing in request.","level":"error"}
{"message":"rating value is missing in request.","level":"error"}
{"message":"URL is formatted incorrectly.","level":"error"}
{"message":"Rating is incorrect. It must be a number between 0 and 5","level":"error"}
{"message":"Bookmark with id 1 created","level":"info"}
{"message":"Bookmark with id 1 created","level":"info"}
{"message":"title value is missing in request.","level":"error"}
{"message":"url value is missing in request.","level":"error"}
{"message":"rating value is missing in request.","level":"error"}
{"message":"URL is formatted incorrectly.","level":"error"}
{"message":"Rating is incorrect. It must be a number between 0 and 5","level":"error"}
{"message":"Bookmark with id 1 created","level":"info"}
{"message":"Bookmark with id 1 created","level":"info"}
{"message":"title value is missing in request.","level":"error"}
{"message":"url value is missing in request.","level":"error"}
{"message":"rating value is missing in request.","level":"error"}
{"message":"URL is formatted incorrectly.","level":"error"}
{"message":"Rating is incorrect. It must be a number between 0 and 5","level":"error"}
{"message":"Bookmark with id 1 created","level":"info"}
{"message":"Bookmark with id 1 created","level":"info"}
{"message":"title value is missing in request.","level":"error"}
{"message":"url value is missing in request.","level":"error"}
{"message":"rating value is missing in request.","level":"error"}
{"message":"URL is formatted incorrectly.","level":"error"}
{"message":"Rating is incorrect. It must be a number between 0 and 5","level":"error"}
{"message":"Bookmark with id 1 created","level":"info"}
{"message":"Bookmark with id 1 created","level":"info"}
{"message":"title value is missing in request.","level":"error"}
{"message":"url value is missing in request.","level":"error"}
{"message":"rating value is missing in request.","level":"error"}
{"message":"URL is formatted incorrectly.","level":"error"}
{"message":"Rating is incorrect. It must be a number between 0 and 5","level":"error"}
{"message":"Bookmark with id 1 created","level":"info"}
{"message":"Bookmark with id 1 created","level":"info"}
{"message":"title value is missing in request.","level":"error"}
{"message":"url value is missing in request.","level":"error"}
{"message":"rating value is missing in request.","level":"error"}
{"message":"URL is formatted incorrectly.","level":"error"}
{"message":"Rating is incorrect. It must be a number between 0 and 5","level":"error"}
{"message":"Bookmark with id 1 created","level":"info"}
{"message":"Bookmark with id 1 created","level":"info"}
{"message":"title value is missing in request.","level":"error"}
{"message":"url value is missing in request.","level":"error"}
{"message":"rating value is missing in request.","level":"error"}
{"message":"URL is formatted incorrectly.","level":"error"}
{"message":"Rating is incorrect. It must be a number between 0 and 5","level":"error"}
{"message":"Bookmark with id 1 created","level":"info"}
